<?xml version="1.0" encoding="UTF-8"?>
<testsuite xmlns:xsi="http://www.w3.org/2001/XMLSchema-instance" xsi:noNamespaceSchemaLocation="https://maven.apache.org/surefire/maven-surefire-plugin/xsd/surefire-test-report.xsd" version="3.0.2" name="xyz.mambaout.canteenanalysis.CanteenAnalysisApplicationTests" time="8.786" tests="1" errors="0" skipped="0" failures="0">
  <properties>
[...]
</properties>
  <testcase name="contextLoads" classname="xyz.mambaout.canteenanalysis.CanteenAnalysisApplicationTests" time="1.203">
    <system-out><![CDATA[17:02:42.717 [main] INFO org.springframework.test.context.support.AnnotationConfigContextLoaderUtils -- Could not detect default configuration classes for test class [xyz.mambaout.canteenanalysis.CanteenAnalysisApplicationTests]: CanteenAnalysisApplicationTests does not declare any static, non-private, non-final, nested classes annotated with @Configuration.
17:02:42.973 [main] INFO org.springframework.boot.test.context.SpringBootTestContextBootstrapper -- Found @SpringBootConfiguration xyz.mambaout.canteenanalysis.CanteenAnalysisApplication for test class xyz.mambaout.canteenanalysis.CanteenAnalysisApplicationTests

  .   ____          _            __ _ _
 /\\ / ___'_ __ _ _(_)_ __  __ _ \ \ \ \
( ( )\___ | '_ | '_| | '_ \/ _` | \ \ \ \
 \\/  ___)| |_)| | | | | || (_| |  ) ) ) )
  '  |____| .__|_| |_|_| |_\__, | / / / /
 =========|_|==============|___/=/_/_/_/

 :: Spring Boot ::                (v3.5.7)

2026-01-25T17:02:43.954+08:00  INFO 18468 --- [canteen-analysis] [           main] x.m.c.CanteenAnalysisApplicationTests    : Starting CanteenAnalysisApplicationTests using Java 21.0.9 with PID 18468 (started by 32828 in C:\Users\32828\Desktop\1010\canteen-analysis)
2026-01-25T17:02:43.954+08:00  INFO 18468 --- [canteen-analysis] [           main] x.m.c.CanteenAnalysisApplicationTests    : The following 1 profile is active: "dev"
2026-01-25T17:02:45.658+08:00  INFO 18468 --- [canteen-analysis] [           main] .s.d.r.c.RepositoryConfigurationDelegate : Multiple Spring Data modules found, entering strict repository configuration mode
2026-01-25T17:02:45.658+08:00  INFO 18468 --- [canteen-analysis] [           main] .s.d.r.c.RepositoryConfigurationDelegate : Bootstrapping Spring Data Redis repositories in DEFAULT mode.
2026-01-25T17:02:45.715+08:00  INFO 18468 --- [canteen-analysis] [           main] .s.d.r.c.RepositoryConfigurationDelegate : Finished Spring Data repository scanning in 25 ms. Found 0 Redis repository interfaces.
2026-01-25T17:02:49.963+08:00  INFO 18468 --- [canteen-analysis] [           main] x.m.c.CanteenAnalysisApplicationTests    : Started CanteenAnalysisApplicationTests in 6.676 seconds (process running for 9.561)
]]></system-out>
    <system-err><![CDATA[Mockito is currently self-attaching to enable the inline-mock-maker. This will no longer work in future releases of the JDK. Please add Mockito as an agent to your build as described in Mockito's documentation: https://javadoc.io/doc/org.mockito/mockito-core/latest/org.mockito/org/mockito/Mockito.html#0.3
WARNING: A Java agent has been loaded dynamically (C:\Users\32828\.m2\repository\net\bytebuddy\byte-buddy-agent\1.17.8\byte-buddy-agent-1.17.8.jar)
WARNING: If a serviceability tool is in use, please run with -XX:+EnableDynamicAgentLoading to hide this warning
WARNING: If a serviceability tool is not in use, please run with -Djdk.instrument.traceUsage for more information
WARNING: Dynamic loading of agents will be disallowed by default in a future release
]]></system-err>
  </testcase>
</testsuite>